<?xml version="1.0" encoding="utf-8"?><testsuites name="pytest tests"><testsuite name="pytest" errors="0" failures="0" skipped="0" tests="5" time="2.203" timestamp="2026-08-25T19:23:55.987928+00:00" hostname="agent-env-423546fc-c852-4ebe-bd1b-2c2df4cdad0c"><testcase classname="backend.tests.test_login_flow" name="test_admin_login_success" time="0.831" /><testcase classname="backend.tests.test_login_flow" name="test_panelist_login_success" time="0.316" /><testcase classname="backend.tests.test_login_flow" name="test_login_wrong_password" time="0.324" /><testcase classname="backend.tests.test_login_flow" name="test_login_unknown_user" time="0.073" /><testcase classname="backend.tests.test_login_flow" name="test_admin_daily_summary_regression" time="0.607" /></testsuite></testsuites>