<?xml version="1.0" encoding="utf-8"?><testsuites name="pytest tests"><testsuite name="pytest" errors="0" failures="0" skipped="2" tests="9" time="15.146" timestamp="2026-08-28T06:18:08.829228+00:00" hostname="agent-env-423546fc-c852-4ebe-bd1b-2c2df4cdad0c"><testcase classname="backend.tests.test_signature_fix.TestSessionsLightweight" name="test_admin_sessions_light_and_fast" time="0.826" /><testcase classname="backend.tests.test_signature_fix.TestSessionsLightweight" name="test_panelist_sessions_light" time="0.583" /><testcase classname="backend.tests.test_signature_fix.TestConnectivityRoot" name="test_api_root_ok" time="0.100" /><testcase classname="backend.tests.test_signature_fix.TestBallotFlow" name="test_create_and_submit_ballot_completes" time="0.211" /><testcase classname="backend.tests.test_signature_fix.TestAdminEndpoints" name="test_admin_all_sessions" time="0.284" /><testcase classname="backend.tests.test_signature_fix.TestAdminEndpoints" name="test_daily_summary_2026_06_18" time="0.255" /><testcase classname="backend.tests.test_signature_fix.TestAdminEndpoints" name="test_blind_summary_endpoint" time="0.227"><skipped type="pytest.skip" message="Blind test summary endpoint not found">/app/backend/tests/test_signature_fix.py:151: Blind test summary endpoint not found</skipped></testcase><testcase classname="backend.tests.test_signature_fix.TestAdminEndpoints" name="test_proficiency_summary_endpoint" time="0.227"><skipped type="pytest.skip" message="Proficiency test summary endpoint not found">/app/backend/tests/test_signature_fix.py:160: Proficiency test summary endpoint not found</skipped></testcase><testcase classname="backend.tests.test_signature_fix.TestStability" name="test_loop_key_endpoints" time="12.201" /></testsuite></testsuites>